2/24/2017,16:58:51,Created. (UTC = 2/24/2017,16:58:51)
2/24/2017,16:58:53,Open Select/Confirm Radiosonde
2/24/2017,16:58:58,Sonde selected IMET-1-ABx
2/24/2017,16:58:58,Close Select/Confirm Radiosonde
2/24/2017,16:59:00,Open Balloon Train
2/24/2017,16:59:02,Close Balloon Train
2/24/2017,16:59:03,Open Station Details
2/24/2017,16:59:11,Close Station Details
2/24/2017,16:59:12,Open Message Setup
2/24/2017,16:59:15,Close Message Setup
2/24/2017,16:59:49,Open Station Details
2/24/2017,16:59:51,GET station location
2/24/2017,16:59:59,GET station location
2/24/2017,17:00:07,Close Station Details
2/24/2017,17:00:18,Open Current Weather
2/24/2017,17:00:20,Use radiosonde for current weather
2/24/2017,17:00:23,Use radiosonde for current weather
2/24/2017,17:00:23,Use radiosonde for current weather
2/24/2017,17:00:23,Use radiosonde for current weather
2/24/2017,17:00:24,Use radiosonde for current weather
2/24/2017,17:01:59,Use radiosonde for current weather
2/24/2017,17:01:59,Use radiosonde for current weather
2/24/2017,17:02:00,Use radiosonde for current weather
2/24/2017,17:02:00,Use radiosonde for current weather
2/24/2017,17:03:37,Use radiosonde for current weather
2/24/2017,17:03:38,Use radiosonde for current weather
2/24/2017,17:03:38,Use radiosonde for current weather
2/24/2017,17:03:38,Use radiosonde for current weather
2/24/2017,17:03:38,Use radiosonde for current weather
2/24/2017,17:03:38,Use radiosonde for current weather
2/24/2017,17:03:43,Close Current Weather
2/24/2017,17:05:21,Open Current Weather
2/24/2017,17:05:23,Use radiosonde for current weather
2/24/2017,17:05:23,Use radiosonde for current weather
2/24/2017,17:05:23,Use radiosonde for current weather
2/24/2017,17:05:24,Use radiosonde for current weather
2/24/2017,17:05:24,Use radiosonde for current weather
2/24/2017,17:05:33,Use radiosonde for current weather
2/24/2017,17:05:34,Use radiosonde for current weather
2/24/2017,17:05:34,Use radiosonde for current weather
2/24/2017,17:05:34,Use radiosonde for current weather
2/24/2017,17:05:34,Use radiosonde for current weather
2/24/2017,17:05:42,Close Current Weather
2/24/2017,17:06:14,Real PC/UTC Offset confirmed as 0.00 hours (00:00:00.832)
2/24/2017,17:06:50,Open Current Weather
2/24/2017,17:06:51,Use radiosonde for current weather
2/24/2017,17:06:51,Use radiosonde for current weather
2/24/2017,17:06:51,Use radiosonde for current weather
2/24/2017,17:06:51,Use radiosonde for current weather
2/24/2017,17:06:51,Use radiosonde for current weather
2/24/2017,17:06:52,Use radiosonde for current weather
2/24/2017,17:07:38,Use radiosonde for current weather
2/24/2017,17:07:38,Use radiosonde for current weather
2/24/2017,17:07:38,Use radiosonde for current weather
2/24/2017,17:07:38,Use radiosonde for current weather
2/24/2017,17:07:48,Close Current Weather
2/24/2017,17:08:45,Open Current Weather
2/24/2017,17:08:46,Use radiosonde for current weather
2/24/2017,17:08:47,Use radiosonde for current weather
2/24/2017,17:08:47,Use radiosonde for current weather
2/24/2017,17:08:47,Use radiosonde for current weather
2/24/2017,17:09:01,Close Current Weather
2/24/2017,17:19:05,Open Current Weather
2/24/2017,17:19:07,Use radiosonde for current weather
2/24/2017,17:31:31,Use radiosonde for current weather
2/24/2017,17:31:36,Close Current Weather
2/24/2017,17:37:43,Program closed
2/28/2017,17:54:47,Reloaded. (UTC = 2/28/2017,17:54:46)
2/28/2017,17:55:05,Open Station Details
2/28/2017,17:55:06,GET station location
2/28/2017,17:55:07,GET station location
2/28/2017,17:55:14,Close Station Details
2/28/2017,17:55:17,Open Select/Confirm Radiosonde
2/28/2017,17:55:22,Sonde selected IMET-1-ABx
2/28/2017,17:55:22,Close Select/Confirm Radiosonde
2/28/2017,17:55:26,Open Current Weather
2/28/2017,17:58:22,Real PC/UTC Offset confirmed as 0.00 hours (00:00:01.040)
2/28/2017,17:59:22,Use radiosonde for current weather
2/28/2017,17:59:22,Use radiosonde for current weather
2/28/2017,17:59:22,Use radiosonde for current weather
2/28/2017,18:00:15,Use radiosonde for current weather
2/28/2017,18:00:15,Use radiosonde for current weather
2/28/2017,18:00:16,Use radiosonde for current weather
2/28/2017,18:00:17,Use radiosonde for current weather
2/28/2017,18:00:18,Use radiosonde for current weather
2/28/2017,18:00:18,Use radiosonde for current weather
2/28/2017,18:00:19,Use radiosonde for current weather
2/28/2017,18:00:19,Use radiosonde for current weather
2/28/2017,18:00:52,Close Current Weather
2/28/2017,18:05:46,Open Current Weather
2/28/2017,18:05:48,Use radiosonde for current weather
2/28/2017,18:05:49,Use radiosonde for current weather
2/28/2017,18:05:49,Use radiosonde for current weather
2/28/2017,18:05:57,Close Current Weather
2/28/2017,18:06:02,Attempt Ready To Launch
2/28/2017,18:06:02,Passed Ready To Launch
2/28/2017,18:07:09,Launch detected (118.1m/s)
2/28/2017,18:07:34,Graph : PTU
2/28/2017,18:08:58,Graph : PTU
2/28/2017,18:08:58,Graph : PTU
2/28/2017,18:10:07,Graph : SkewT-LogP
2/28/2017,18:10:42,Graph : PTU
2/28/2017,18:10:51,Graph : SkewT-LogP
2/28/2017,18:11:19,Graph : PTU
2/28/2017,18:11:33,Graph : SkewT-LogP
2/28/2017,18:14:02,Graph : SkewT-LogP
2/28/2017,18:14:41,Graph : PTU
2/28/2017,18:14:46,Graph : Flight Path
2/28/2017,18:14:47,Graph : Google Maps
2/28/2017,18:14:58,Graph : Density
2/28/2017,18:14:59,Graph : Winds
2/28/2017,18:15:58,Graph : SkewT-LogP
2/28/2017,18:16:37,Graph : SkewT-LogP
2/28/2017,18:17:04,Open Current Weather
2/28/2017,18:18:23,Close Current Weather
2/28/2017,18:18:25,Graph : SkewT-LogP
2/28/2017,18:34:43,Graph : Winds
2/28/2017,18:34:52,Graph : SkewT-LogP
2/28/2017,18:42:28,Graph : Winds
2/28/2017,18:42:36,Graph : SkewT-LogP
2/28/2017,18:43:15,Graph : SkewT-LogP
2/28/2017,18:50:36,Graph : Google Maps
2/28/2017,18:50:47,Graph : SkewT-LogP
2/28/2017,18:53:24,Manual termination
2/28/2017,18:56:40,Graph : SkewT-LogP
2/28/2017,18:56:51,Graph : Google Maps
2/28/2017,18:56:54,Graph : Winds
2/28/2017,18:57:28,Graph : SkewT-LogP
